[debug] Command-line config: ['--verbose', '--user-agent', 'Mozilla/5.0 (Windows NT 10.0; Win64; x64) AppleWebKit/537.36 (KHTML, like Gecko) Chrome/132.0.0.0 Safari/537.36', '--referer', 'https://www.youtube.com/', '-f', 'bestvideo[ext=mp4][height<=720]+bestaudio[ext=m4a]/best[ext=mp4][height<=720]', '--max-filesize', '45m', '-o', '/app/downloads/video_1769627461547.mp4', '--no-playlist', 'https://www.youtube.com/shorts/9bZkp7q19f0']
[debug] Encodings: locale UTF-8, fs utf-8, pref UTF-8, out utf-8 (No ANSI), error utf-8 (No ANSI), screen utf-8 (No ANSI)
[debug] yt-dlp version stable@2025.12.08 from yt-dlp/yt-dlp [7a52ff29d] (pip)
[debug] Python 3.12.12 (CPython x86_64 64bit) - Linux-6.6.87.2-microsoft-standard-WSL2-x86_64-with (OpenSSL 3.5.5 27 Jan 2026)
[debug] exe versions: ffmpeg 6.1.2 (setts), ffprobe 6.1.2
[debug] Optional libraries: sqlite3-3.49.2
[debug] JS runtimes: none
[debug] Proxy map: {'no': '*'}
[debug] Request Handlers: urllib
[debug] Plugin directories: none
[debug] Loaded 1854 extractors
[debug] [youtube] [pot] PO Token Providers: none
[debug] [youtube] [pot] PO Token Cache Providers: memory
[debug] [youtube] [pot] PO Token Cache Spec Providers: webpo
[debug] [youtube] [jsc] JS Challenge Providers: bun (unavailable), deno (unavailable), node (unavailable), quickjs (unavailable)
[youtube] Extracting URL: https://www.youtube.com/shorts/9bZkp7q19f0
[youtube] 9bZkp7q19f0: Downloading webpage
WARNING: [youtube] No supported JavaScript runtime could be found. Only deno is enabled by default; to use another runtime add  --js-runtimes RUNTIME[:PATH]  to your command/config. YouTube extraction without a JS runtime has been deprecated, and some formats may be missing. See  https://github.com/yt-dlp/yt-dlp/wiki/EJS  for details on installing one
[debug] [youtube] Forcing "main" player JS variant for player afc53320
        original url = /s/player/afc53320/player_es6.vflset/en_US/base.js
[youtube] 9bZkp7q19f0: Downloading android sdkless player API JSON
[youtube] 9bZkp7q19f0: Downloading web safari player API JSON
[debug] [youtube] 9bZkp7q19f0: Detected a 15s ad skippable after 5s for web_safari
WARNING: [youtube] 9bZkp7q19f0: Some web_safari client https formats have been skipped as they are missing a url. YouTube is forcing SABR streaming for this client. See  https://github.com/yt-dlp/yt-dlp/issues/12482  for more details
[youtube] 9bZkp7q19f0: Downloading m3u8 information
[debug] [youtube] 9bZkp7q19f0: Detected experiment to bind GVS PO Token to video id.
WARNING: [youtube] 9bZkp7q19f0: Some web client https formats have been skipped as they are missing a url. YouTube is forcing SABR streaming for this client. See  https://github.com/yt-dlp/yt-dlp/issues/12482  for more details
[debug] Sort order given by extractor: quality, res, fps, hdr:12, source, vcodec, channels, acodec, lang, proto
[debug] Formats sorted by: hasvid, ie_pref, quality, res, fps, hdr:12(7), source, vcodec, channels, acodec, lang, proto, size, br, asr, vext, aext, hasaud, id
[info] 9bZkp7q19f0: Downloading 1 format(s): 398+140
[debug] Invoking http downloader on "https://rr1---sn-5ualdnz7.googlevideo.com/videoplayback?expire=1769649064&ei=SF96adCfM56oy_sPi--SyAg&ip=165.231.150.11&id=o-AASU23jiBNFb-95rKUJzjRG0LYDbyftSjaNwfbozDfir&itag=398&source=youtube&requiressl=yes&xpc=EgVo2aDSNQ%3D%3D&met=1769627464%2C&mh=hJ&mm=31%2C26&mn=sn-5ualdnz7%2Csn-p5qs7nzk&ms=au%2Conr&mv=m&mvi=1&pl=24&rms=au%2Cau&initcwndbps=5273750&bui=AW-iu_ruFd58yRSdiJh2Y8AaI0iHAFOW5YKpEuCwUaALm8ulR-GAKhr4FFVWlT1nThwkKfwef6p2iYGn&spc=q5xjPDhaVKV0DN_JWGNIV4UZn6WUdu-9LLfkBTM8SvWlj_XGC_O6xuu425POxRk5&vprv=1&svpuc=1&mime=video%2Fmp4&rqh=1&gir=yes&clen=29841781&dur=252.168&lmt=1712653924807764&mt=1769627108&fvip=4&keepalive=yes&fexp=51552689%2C51565116%2C51565682%2C51580968&c=ANDROID&txp=4537434&sparams=expire%2Cei%2Cip%2Cid%2Citag%2Csource%2Crequiressl%2Cxpc%2Cbui%2Cspc%2Cvprv%2Csvpuc%2Cmime%2Crqh%2Cgir%2Cclen%2Cdur%2Clmt&sig=AJEij0EwRAIgcDlUJL92YUFRx7LPo_6eqtGBhQxe2Lu7hlM5APtSZPUCIANJsGADkg72KcQcspTaqXuZpyn_YCJCraVZNxHEjdDQ&lsparams=met%2Cmh%2Cmm%2Cmn%2Cms%2Cmv%2Cmvi%2Cpl%2Crms%2Cinitcwndbps&lsig=APaTxxMwRQIgCYCjfqwSAq4blj5sY-2arcLJDwWrwRrPAWjWzkH-a98CIQDg5Kvk4eEJT8lN-BiMwtZ_6IFJFnjz1DvAlKh2Uy87Aw%3D%3D"
ERROR: unable to download video data: HTTP Error 403: Forbidden
Traceback (most recent call last):
  File "/usr/lib/python3.12/site-packages/yt_dlp/networking/_urllib.py", line 419, in _send
    res = opener.open(urllib_req, timeout=self._calculate_timeout(request))
          ^^^^^^^^^^^^^^^^^^^^^^^^^^^^^^^^^^^^^^^^^^^^^^^^^^^^^^^^^^^^^^^^^
  File "/usr/lib/python3.12/urllib/request.py", line 521, in open
    response = meth(req, response)
               ^^^^^^^^^^^^^^^^^^^
  File "/usr/lib/python3.12/urllib/request.py", line 630, in http_response
    response = self.parent.error(
               ^^^^^^^^^^^^^^^^^^
  File "/usr/lib/python3.12/urllib/request.py", line 559, in error
    return self._call_chain(*args)
           ^^^^^^^^^^^^^^^^^^^^^^^
  File "/usr/lib/python3.12/urllib/request.py", line 492, in _call_chain
    result = func(*args)
             ^^^^^^^^^^^
  File "/usr/lib/python3.12/urllib/request.py", line 639, in http_error_default
    raise HTTPError(req.full_url, code, msg, hdrs, fp)
urllib.error.HTTPError: HTTP Error 403: Forbidden

The above exception was the direct cause of the following exception:

Traceback (most recent call last):
  File "/usr/lib/python3.12/site-packages/yt_dlp/YoutubeDL.py", line 3518, in process_info
    partial_success, real_download = self.dl(fname, new_info)
                                     ^^^^^^^^^^^^^^^^^^^^^^^^
  File "/usr/lib/python3.12/site-packages/yt_dlp/YoutubeDL.py", line 3278, in dl
    return fd.download(name, new_info, subtitle)
           ^^^^^^^^^^^^^^^^^^^^^^^^^^^^^^^^^^^^^
  File "/usr/lib/python3.12/site-packages/yt_dlp/downloader/common.py", line 480, in download
    ret = self.real_download(filename, info_dict)
          ^^^^^^^^^^^^^^^^^^^^^^^^^^^^^^^^^^^^^^^
  File "/usr/lib/python3.12/site-packages/yt_dlp/downloader/http.py", line 362, in real_download
    establish_connection()
  File "/usr/lib/python3.12/site-packages/yt_dlp/downloader/http.py", line 119, in establish_connection
    ctx.data = self.ydl.urlopen(request)
               ^^^^^^^^^^^^^^^^^^^^^^^^^
  File "/usr/lib/python3.12/site-packages/yt_dlp/YoutubeDL.py", line 4252, in urlopen
    return self._request_director.send(req)
           ^^^^^^^^^^^^^^^^^^^^^^^^^^^^^^^^
  File "/usr/lib/python3.12/site-packages/yt_dlp/networking/common.py", line 117, in send
    response = handler.send(request)
               ^^^^^^^^^^^^^^^^^^^^^
  File "/usr/lib/python3.12/site-packages/yt_dlp/networking/_helper.py", line 194, in wrapper
    return func(self, *args, **kwargs)
           ^^^^^^^^^^^^^^^^^^^^^^^^^^^
  File "/usr/lib/python3.12/site-packages/yt_dlp/networking/common.py", line 359, in send
    return self._send(request)
           ^^^^^^^^^^^^^^^^^^^
  File "/usr/lib/python3.12/site-packages/yt_dlp/networking/_urllib.py", line 424, in _send
    raise HTTPError(UrllibResponseAdapter(e.fp), redirect_loop='redirect error' in str(e)) from e
yt_dlp.networking.exceptions.HTTPError: HTTP Error 403: Forbidden

